Arguments: 
  C:\Program Files\nodejs\node.exe C:\Users\asouza\AppData\Roaming\npm\node_modules\yarn\bin\yarn.js add @types/carro

PATH: 
  C:\Users\asouza\bin;C:\Program Files\Git\mingw64\bin;C:\Program Files\Git\usr\local\bin;C:\Program Files\Git\usr\bin;C:\Program Files\Git\usr\bin;C:\Program Files\Git\mingw64\bin;C:\Program Files\Git\usr\bin;C:\Users\asouza\bin;D:\asouza\product\dbhomeXE\bin;C:\Python311\Scripts;C:\Python311;C:\Windows\system32;C:\Windows;C:\Windows\System32\Wbem;C:\Windows\System32\WindowsPowerShell\v1.0;C:\Windows\System32\OpenSSH;C:\Program Files\Git\cmd;C:\Program Files\Docker\Docker\resources\bin;C:\Program Files\PuTTY;C:\Users\inst;C:\Program Files\nodejs;C:\Users\asouza\AppData\Local\Microsoft\WindowsApps;C:\Users\asouza\AppData\Local\Programs\Microsoft VS Code\bin;C:\Users\Oracle\instantclient_21_9;C:\Users\asouza\AppData\Roaming\npm;C:\Program Files\Git\usr\bin\vendor_perl;C:\Program Files\Git\usr\bin\core_perl

Yarn version: 
  1.22.19

Node version: 
  18.15.0

Platform: 
  win32 x64

Trace: 
  Error: https://registry.yarnpkg.com/@types%2fcarro: Not found
      at params.callback [as _callback] (C:\Users\asouza\AppData\Roaming\npm\node_modules\yarn\lib\cli.js:66145:18)
      at self.callback (C:\Users\asouza\AppData\Roaming\npm\node_modules\yarn\lib\cli.js:140890:22)
      at Request.emit (node:events:513:28)
      at Request.<anonymous> (C:\Users\asouza\AppData\Roaming\npm\node_modules\yarn\lib\cli.js:141862:10)
      at Request.emit (node:events:513:28)
      at IncomingMessage.<anonymous> (C:\Users\asouza\AppData\Roaming\npm\node_modules\yarn\lib\cli.js:141784:12)
      at Object.onceWrapper (node:events:627:28)
      at IncomingMessage.emit (node:events:525:35)
      at endReadableNT (node:internal/streams/readable:1359:12)
      at process.processTicksAndRejections (node:internal/process/task_queues:82:21)

npm manifest: 
  {
    "name": "projectintegration",
    "version": "1.0.0",
    "description": "",
    "main": "index.js",
    "scripts": {
      "dev": "ts-node-dev --respawn --inspect --transpile-only --ignore-watch node_modules src/shared/server/index.ts",
      "test": "jest",
      "typeorm": "ts-node ./node_modules/typeorm/cli",
      "typeorm:run-migrations": "npm run typeorm migration:run -- -d src/db.ts",
      "typeorm:generate-migration": "npm run typeorm -- -d src/db.ts migration:generate ./src/typeorm/test.ts",
      "typeorm:create-migration": "npm run typeorm -- migration:create src/typeorm/1671768736837name.ts",
      "typeorm:revert-migration": "npm run typeorm -- -d src/db.ts migration:revert"
    },
    "keywords": [],
    "author": "",
    "license": "ISC",
    "dependencies": {
      "@types/node-schedule": "^2.1.0",
      "axios": "^1.3.4",
      "bcrypt": "^5.1.0",
      "body-parser": "^1.20.2",
      "cors": "^2.8.5",
      "cross-env": "^7.0.3",
      "cross-fetch": "^3.1.5",
      "debug": "^4.3.4",
      "dotenv": "^16.0.3",
      "express": "^4.18.2",
      "express-async-errors": "^3.1.1",
      "helmet": "^6.0.1",
      "memory-cache": "^0.2.0",
      "moment": "^2.29.4",
      "morgan": "^1.10.0",
      "morgan-body": "^2.6.8",
      "node-cron": "^3.0.2",
      "node-fetch": "^3.3.0",
      "node-schedule": "^2.1.1",
      "oracledb": "^5.5.0",
      "pg": "^8.10.0",
      "reflect-metadata": "^0.1.13",
      "snyk": "^1.1130.0",
      "typeorm": "^0.3.11",
      "winston": "^3.8.2",
      "yarn": "^1.22.19"
    },
    "devDependencies": {
      "@types/bcrypt": "^5.0.0",
      "@types/cors": "^2.8.13",
      "@types/debug": "^4.1.7",
      "@types/express": "^4.17.15",
      "@types/jest": "^29.4.1",
      "@types/memory-cache": "^0.2.2",
      "@types/morgan": "^1.9.3",
      "@types/node": "^18.11.17",
      "@types/node-cron": "^3.0.7",
      "@types/oracledb": "^5.2.4",
      "jest": "^29.5.0",
      "ts-jest": "^29.0.5",
      "ts-node-dev": "^2.0.0",
      "typescript": "^4.9.5"
    }
  }

yarn manifest: 
  No manifest

Lockfile: 
  No lockfile
